0 info it worked if it ends with ok
1 verbose cli [ 'g:\\Program Files\\nodejs\\node.exe',
1 verbose cli   'g:\\Program Files\\nodejs\\node_modules\\npm\\bin\\npm-cli.js',
1 verbose cli   'start' ]
2 info using npm@3.3.12
3 info using node@v5.1.1
4 verbose run-script [ 'prestart', 'start', 'poststart' ]
5 info lifecycle hns-serve@0.0.9~prestart: hns-serve@0.0.9
6 silly lifecycle hns-serve@0.0.9~prestart: no script for prestart, continuing
7 info lifecycle hns-serve@0.0.9~start: hns-serve@0.0.9
8 verbose lifecycle hns-serve@0.0.9~start: unsafe-perm in lifecycle true
9 verbose lifecycle hns-serve@0.0.9~start: PATH: g:\Program Files\nodejs\node_modules\npm\bin\node-gyp-bin;f:\hns-server\node_modules\.bin;g:\Users\yingjj12522\bin;.;G:\Program Files (x86)\Git\local\bin;G:\Program Files (x86)\Git\mingw\bin;G:\Program Files (x86)\Git\bin;G:\Program Files (x86)\Git\bin;g:\windows\system32;g:\windows;g:\windows\System32\Wbem;g:\windows\System32\WindowsPowerShell\v1.0\;g:\Program Files\TortoiseSVN\bin;c:\Program Files\Java\jdk1.7.0_67\bin;c:\Program Files\Java\jdk1.7.0_67\jre\bin;d:\apache-maven-3.1.1\bin;G:\Program Files (x86)\Git\cmd;g:\Program Files (x86)\Windows Kits\10\Windows Performance Toolkit\;d:\win10Program Files\Python34\;g:\Program Files\nodejs\;g:\Users\yingjj12522\AppData\Roaming\npm
10 verbose lifecycle hns-serve@0.0.9~start: CWD: f:\hns-server
11 silly lifecycle hns-serve@0.0.9~start: Args: [ '/d /s /c', 'node bin/start' ]
12 silly lifecycle hns-serve@0.0.9~start: Returned: code: 1  signal: null
13 info lifecycle hns-serve@0.0.9~start: Failed to exec start script
14 verbose stack Error: hns-serve@0.0.9 start: `node bin/start`
14 verbose stack Exit status 1
14 verbose stack     at EventEmitter.<anonymous> (g:\Program Files\nodejs\node_modules\npm\lib\utils\lifecycle.js:232:16)
14 verbose stack     at emitTwo (events.js:87:13)
14 verbose stack     at EventEmitter.emit (events.js:172:7)
14 verbose stack     at ChildProcess.<anonymous> (g:\Program Files\nodejs\node_modules\npm\lib\utils\spawn.js:24:14)
14 verbose stack     at emitTwo (events.js:87:13)
14 verbose stack     at ChildProcess.emit (events.js:172:7)
14 verbose stack     at maybeClose (internal/child_process.js:818:16)
14 verbose stack     at Process.ChildProcess._handle.onexit (internal/child_process.js:211:5)
15 verbose pkgid hns-serve@0.0.9
16 verbose cwd f:\hns-server
17 error Windows_NT 10.0.10240
18 error argv "g:\\Program Files\\nodejs\\node.exe" "g:\\Program Files\\nodejs\\node_modules\\npm\\bin\\npm-cli.js" "start"
19 error node v5.1.1
20 error npm  v3.3.12
21 error code ELIFECYCLE
22 error hns-serve@0.0.9 start: `node bin/start`
22 error Exit status 1
23 error Failed at the hns-serve@0.0.9 start script 'node bin/start'.
23 error Make sure you have the latest version of node.js and npm installed.
23 error If you do, this is most likely a problem with the hns-serve package,
23 error not with npm itself.
23 error Tell the author that this fails on your system:
23 error     node bin/start
23 error You can get their info via:
23 error     npm owner ls hns-serve
23 error There is likely additional logging output above.
24 verbose exit [ 1, true ]
